<?xml version="1.0" encoding="UTF-8"?>
<!-- Generated by org.testng.reporters.JUnitReportReporter -->
<testsuite hostname="PRANAV-MBP3s-MacBook-Pro.local" name="com.intentwise.apitest.SimpleGetTest" tests="1" failures="0" timestamp="22 Jul 2018 15:09:23 GMT" time="3.161" errors="0">
  <testcase name="GetWeatherDetails" time="3.161" classname="com.intentwise.apitest.SimpleGetTest"/>
</testsuite> <!-- com.intentwise.apitest.SimpleGetTest -->
